0 info it worked if it ends with ok
1 verbose cli [ 'C:\\Program Files\\nodejs\\node.exe',
1 verbose cli   'C:\\Program Files\\nodejs\\node_modules\\npm\\bin\\npm-cli.js',
1 verbose cli   'run',
1 verbose cli   'server' ]
2 info using npm@3.10.10
3 info using node@v6.9.5
4 verbose run-script [ 'preserver', 'server', 'postserver' ]
5 info lifecycle hrsh@0.0.0~preserver: hrsh@0.0.0
6 silly lifecycle hrsh@0.0.0~preserver: no script for preserver, continuing
7 info lifecycle hrsh@0.0.0~server: hrsh@0.0.0
8 verbose lifecycle hrsh@0.0.0~server: unsafe-perm in lifecycle true
9 verbose lifecycle hrsh@0.0.0~server: PATH: C:\Program Files\nodejs\node_modules\npm\bin\node-gyp-bin;C:\Users\admin\GitHub\hrsh\node_modules\.bin;D:\ProgramData\Anaconda3;D:\ProgramData\Anaconda3\Library\mingw-w64\bin;D:\ProgramData\Anaconda3\Library\usr\bin;D:\ProgramData\Anaconda3\Library\bin;D:\ProgramData\Anaconda3\Scripts;C:\ProgramData\Oracle\Java\javapath;C:\WINDOWS\system32;C:\WINDOWS;C:\WINDOWS\System32\Wbem;C:\WINDOWS\System32\WindowsPowerShell\v1.0\;D:\WTServer\bin;C:\Users\admin\.dnx\bin;C:\Program Files\Microsoft DNX\Dnvm\;C:\Program Files (x86)\Windows Kits\8.1\Windows Performance Toolkit\;C:\Program Files\Microsoft SQL Server\130\Tools\Binn\;C:\Program Files (x86)\QuickTime\QTSystem\;C:\Program Files\Common Files\Autodesk Shared\;C:\Program Files (x86)\Autodesk\Backburner\;E:\WTServer\bin;C:\Program Files\nodejs\;C:\Users\admin\AppData\Local\atom\bin;C:\Program Files (x86)\Nmap;C:\Users\admin\AppData\Local\Microsoft\WindowsApps;C:\Users\admin\AppData\Roaming\Dashlane\4.6.6.23032\bin\Firefox_Extension\{442718d9-475e-452a-b3e1-fb1ee16b8e9f}\components;C:\Users\admin\AppData\Roaming\npm;C:\adb;D:\Go\bin;C:\Program Files\OpenVPN\bin;C:\Program Files\Redis\;C:\Program Files\Git\cmd;C:\Program Files\MongoDB\Server\3.4\bin;C:\Program Files\Microsoft\Web Platform Installer\;C:\Users\admin\AppData\Local\Programs\Python\Python36-32\Scripts\;C:\Users\admin\AppData\Local\Programs\Python\Python36-32\;C:\Users\admin\AppData\Local\Programs\Python\Python35\Scripts\;C:\Users\admin\AppData\Local\Programs\Python\Python35\;C:\Users\admin\AppData\Local\atom\bin;C:\Users\admin\AppData\Local\Microsoft\WindowsApps;C:\Users\admin\AppData\Roaming\Dashlane\4.6.6.23032\bin\Firefox_Extension\{442718d9-475e-452a-b3e1-fb1ee16b8e9f}\components;C:\Users\admin\AppData\Roaming\npm;D:\Program Files (x86)\Microsoft VS Code\bin;C:\Program Files (x86)\Nmap;C:\Program Files\Heroku\bin;C:\Program Files\MongoDB\Server\3.4\bin
10 verbose lifecycle hrsh@0.0.0~server: CWD: C:\Users\admin\GitHub\hrsh
11 silly lifecycle hrsh@0.0.0~server: Args: [ '/d /s /c', 'nodemon ./bin/www' ]
12 silly lifecycle hrsh@0.0.0~server: Returned: code: 3221225786  signal: null
13 info lifecycle hrsh@0.0.0~server: Failed to exec server script
14 verbose stack Error: hrsh@0.0.0 server: `nodemon ./bin/www`
14 verbose stack Exit status 3221225786
14 verbose stack     at EventEmitter.<anonymous> (C:\Program Files\nodejs\node_modules\npm\lib\utils\lifecycle.js:255:16)
14 verbose stack     at emitTwo (events.js:106:13)
14 verbose stack     at EventEmitter.emit (events.js:191:7)
14 verbose stack     at ChildProcess.<anonymous> (C:\Program Files\nodejs\node_modules\npm\lib\utils\spawn.js:40:14)
14 verbose stack     at emitTwo (events.js:106:13)
14 verbose stack     at ChildProcess.emit (events.js:191:7)
14 verbose stack     at maybeClose (internal/child_process.js:877:16)
14 verbose stack     at Process.ChildProcess._handle.onexit (internal/child_process.js:226:5)
15 verbose pkgid hrsh@0.0.0
16 verbose cwd C:\Users\admin\GitHub\hrsh
17 error Windows_NT 10.0.14393
18 error argv "C:\\Program Files\\nodejs\\node.exe" "C:\\Program Files\\nodejs\\node_modules\\npm\\bin\\npm-cli.js" "run" "server"
19 error node v6.9.5
20 error npm  v3.10.10
21 error code ELIFECYCLE
22 error hrsh@0.0.0 server: `nodemon ./bin/www`
22 error Exit status 3221225786
23 error Failed at the hrsh@0.0.0 server script 'nodemon ./bin/www'.
23 error Make sure you have the latest version of node.js and npm installed.
23 error If you do, this is most likely a problem with the hrsh package,
23 error not with npm itself.
23 error Tell the author that this fails on your system:
23 error     nodemon ./bin/www
23 error You can get information on how to open an issue for this project with:
23 error     npm bugs hrsh
23 error Or if that isn't available, you can get their info via:
23 error     npm owner ls hrsh
23 error There is likely additional logging output above.
24 verbose exit [ 1, true ]
